0 info it worked if it ends with ok
1 verbose cli [ 'C:\\Users\\likkhian\\AppData\\Local\\.meteor\\packages\\meteor-tool\\1.3.4_4\\mt-os.windows.x86_32\\dev_bundle\\bin\\\\node.exe',
1 verbose cli   'C:\\Users\\likkhian\\AppData\\Local\\.meteor\\packages\\meteor-tool\\1.3.4_4\\mt-os.windows.x86_32\\dev_bundle\\lib\\node_modules\\npm\\bin\\npm-cli.js',
1 verbose cli   'install',
1 verbose cli   'bcrypt' ]
2 info using npm@3.10.5
3 info using node@v0.10.46
4 silly loadCurrentTree Starting
5 silly install loadCurrentTree
6 silly install readLocalPackageData
7 silly fetchPackageMetaData bcrypt
8 silly fetchNamedPackageData bcrypt
9 silly mapToRegistry name bcrypt
10 silly mapToRegistry using default registry
11 silly mapToRegistry registry https://registry.npmjs.org/
12 silly mapToRegistry data { raw: 'bcrypt',
12 silly mapToRegistry   scope: null,
12 silly mapToRegistry   escapedName: 'bcrypt',
12 silly mapToRegistry   name: 'bcrypt',
12 silly mapToRegistry   rawSpec: '',
12 silly mapToRegistry   spec: 'latest',
12 silly mapToRegistry   type: 'tag' }
13 silly mapToRegistry uri https://registry.npmjs.org/bcrypt
14 verbose request uri https://registry.npmjs.org/bcrypt
15 verbose request no auth needed
16 info attempt registry request try #1 at 15:04:46
17 verbose request id 67b67c15a88faee5
18 verbose etag "2VUYIPMRT8KEG0NE3MENVNAOP"
19 http request GET https://registry.npmjs.org/bcrypt
20 http 304 https://registry.npmjs.org/bcrypt
21 verbose headers { date: 'Wed, 27 Jul 2016 07:04:45 GMT',
21 verbose headers   via: '1.1 varnish',
21 verbose headers   'cache-control': 'max-age=300',
21 verbose headers   etag: '"2VUYIPMRT8KEG0NE3MENVNAOP"',
21 verbose headers   age: '192',
21 verbose headers   connection: 'keep-alive',
21 verbose headers   'x-served-by': 'cache-sin6927-SIN',
21 verbose headers   'x-cache': 'HIT',
21 verbose headers   'x-cache-hits': '1',
21 verbose headers   'x-timer': 'S1469603085.583966,VS0,VE0',
21 verbose headers   vary: 'Accept-Encoding' }
22 silly get cb [ 304,
22 silly get   { date: 'Wed, 27 Jul 2016 07:04:45 GMT',
22 silly get     via: '1.1 varnish',
22 silly get     'cache-control': 'max-age=300',
22 silly get     etag: '"2VUYIPMRT8KEG0NE3MENVNAOP"',
22 silly get     age: '192',
22 silly get     connection: 'keep-alive',
22 silly get     'x-served-by': 'cache-sin6927-SIN',
22 silly get     'x-cache': 'HIT',
22 silly get     'x-cache-hits': '1',
22 silly get     'x-timer': 'S1469603085.583966,VS0,VE0',
22 silly get     vary: 'Accept-Encoding' } ]
23 verbose etag https://registry.npmjs.org/bcrypt from cache
24 verbose get saving bcrypt to C:\Users\likkhian\AppData\Roaming\npm-cache\registry.npmjs.org\bcrypt\.cache.json
25 verbose correctMkdir C:\Users\likkhian\AppData\Roaming\npm-cache correctMkdir not in flight; initializing
26 silly install normalizeTree
27 silly loadCurrentTree Finishing
28 silly loadIdealTree Starting
29 silly install loadIdealTree
30 silly cloneCurrentTree Starting
31 silly install cloneCurrentTreeToIdealTree
32 silly cloneCurrentTree Finishing
33 silly loadShrinkwrap Starting
34 silly install loadShrinkwrap
35 silly loadShrinkwrap Finishing
36 silly loadAllDepsIntoIdealTree Starting
37 silly install loadAllDepsIntoIdealTree
38 silly resolveWithNewModule bcrypt@0.8.7 checking installable status
39 silly cache add args [ 'bcrypt', null ]
40 verbose cache add spec bcrypt
41 silly cache add parsed spec { raw: 'bcrypt',
41 silly cache add   scope: null,
41 silly cache add   escapedName: 'bcrypt',
41 silly cache add   name: 'bcrypt',
41 silly cache add   rawSpec: '',
41 silly cache add   spec: 'latest',
41 silly cache add   type: 'tag' }
42 silly addNamed bcrypt@latest
43 verbose addNamed "latest" is being treated as a dist-tag for bcrypt
44 info addNameTag [ 'bcrypt', 'latest' ]
45 silly mapToRegistry name bcrypt
46 silly mapToRegistry using default registry
47 silly mapToRegistry registry https://registry.npmjs.org/
48 silly mapToRegistry data { raw: 'bcrypt',
48 silly mapToRegistry   scope: null,
48 silly mapToRegistry   escapedName: 'bcrypt',
48 silly mapToRegistry   name: 'bcrypt',
48 silly mapToRegistry   rawSpec: '',
48 silly mapToRegistry   spec: 'latest',
48 silly mapToRegistry   type: 'tag' }
49 silly mapToRegistry uri https://registry.npmjs.org/bcrypt
50 verbose addNameTag registry:https://registry.npmjs.org/bcrypt not in flight; fetching
51 verbose get https://registry.npmjs.org/bcrypt not expired, no request
52 silly addNameTag next cb for bcrypt with tag latest
53 silly addNamed bcrypt@0.8.7
54 verbose addNamed "0.8.7" is a plain semver version for bcrypt
55 silly cache afterAdd bcrypt@0.8.7
56 verbose afterAdd C:\Users\likkhian\AppData\Roaming\npm-cache\bcrypt\0.8.7\package\package.json not in flight; writing
57 verbose correctMkdir C:\Users\likkhian\AppData\Roaming\npm-cache correctMkdir not in flight; initializing
58 verbose afterAdd C:\Users\likkhian\AppData\Roaming\npm-cache\bcrypt\0.8.7\package\package.json written
59 silly fetchNamedPackageData bindings
60 silly mapToRegistry name bindings
61 silly mapToRegistry using default registry
62 silly mapToRegistry registry https://registry.npmjs.org/
63 silly mapToRegistry data { raw: 'bindings',
63 silly mapToRegistry   scope: null,
63 silly mapToRegistry   escapedName: 'bindings',
63 silly mapToRegistry   name: 'bindings',
63 silly mapToRegistry   rawSpec: '',
63 silly mapToRegistry   spec: 'latest',
63 silly mapToRegistry   type: 'tag' }
64 silly mapToRegistry uri https://registry.npmjs.org/bindings
65 silly fetchNamedPackageData nan
66 silly mapToRegistry name nan
67 silly mapToRegistry using default registry
68 silly mapToRegistry registry https://registry.npmjs.org/
69 silly mapToRegistry data { raw: 'nan',
69 silly mapToRegistry   scope: null,
69 silly mapToRegistry   escapedName: 'nan',
69 silly mapToRegistry   name: 'nan',
69 silly mapToRegistry   rawSpec: '',
69 silly mapToRegistry   spec: 'latest',
69 silly mapToRegistry   type: 'tag' }
70 silly mapToRegistry uri https://registry.npmjs.org/nan
71 verbose request uri https://registry.npmjs.org/nan
72 verbose request no auth needed
73 info attempt registry request try #1 at 15:04:46
74 verbose etag "BE2O0R8MY2RKOOU5YEJ08A7JK"
75 http request GET https://registry.npmjs.org/nan
76 verbose request uri https://registry.npmjs.org/bindings
77 verbose request no auth needed
78 info attempt registry request try #1 at 15:04:46
79 verbose etag "33TX4J3DNTGF7K41ZUV6OA182"
80 http request GET https://registry.npmjs.org/bindings
81 http 304 https://registry.npmjs.org/bindings
82 verbose headers { date: 'Wed, 27 Jul 2016 07:04:45 GMT',
82 verbose headers   via: '1.1 varnish',
82 verbose headers   'cache-control': 'max-age=300',
82 verbose headers   etag: '"33TX4J3DNTGF7K41ZUV6OA182"',
82 verbose headers   age: '77',
82 verbose headers   connection: 'keep-alive',
82 verbose headers   'x-served-by': 'cache-sin6920-SIN',
82 verbose headers   'x-cache': 'HIT',
82 verbose headers   'x-cache-hits': '1',
82 verbose headers   'x-timer': 'S1469603085.862775,VS0,VE0',
82 verbose headers   vary: 'Accept-Encoding' }
83 silly get cb [ 304,
83 silly get   { date: 'Wed, 27 Jul 2016 07:04:45 GMT',
83 silly get     via: '1.1 varnish',
83 silly get     'cache-control': 'max-age=300',
83 silly get     etag: '"33TX4J3DNTGF7K41ZUV6OA182"',
83 silly get     age: '77',
83 silly get     connection: 'keep-alive',
83 silly get     'x-served-by': 'cache-sin6920-SIN',
83 silly get     'x-cache': 'HIT',
83 silly get     'x-cache-hits': '1',
83 silly get     'x-timer': 'S1469603085.862775,VS0,VE0',
83 silly get     vary: 'Accept-Encoding' } ]
84 verbose etag https://registry.npmjs.org/bindings from cache
85 verbose get saving bindings to C:\Users\likkhian\AppData\Roaming\npm-cache\registry.npmjs.org\bindings\.cache.json
86 verbose correctMkdir C:\Users\likkhian\AppData\Roaming\npm-cache correctMkdir not in flight; initializing
87 http 200 https://registry.npmjs.org/nan
88 verbose headers { server: 'CouchDB/1.5.0 (Erlang OTP/R16B03)',
88 verbose headers   etag: '"2E1V908MEG33STFNV1760SLVP"',
88 verbose headers   'content-type': 'application/json',
88 verbose headers   'content-encoding': 'gzip',
88 verbose headers   'cache-control': 'max-age=300',
88 verbose headers   'content-length': '17124',
88 verbose headers   'accept-ranges': 'bytes',
88 verbose headers   date: 'Wed, 27 Jul 2016 07:04:45 GMT',
88 verbose headers   via: '1.1 varnish',
88 verbose headers   age: '69',
88 verbose headers   connection: 'keep-alive',
88 verbose headers   'x-served-by': 'cache-sin6924-SIN',
88 verbose headers   'x-cache': 'HIT',
88 verbose headers   'x-cache-hits': '2',
88 verbose headers   'x-timer': 'S1469603085.852803,VS0,VE0',
88 verbose headers   vary: 'Accept-Encoding' }
89 silly get cb [ 200,
89 silly get   { server: 'CouchDB/1.5.0 (Erlang OTP/R16B03)',
89 silly get     etag: '"2E1V908MEG33STFNV1760SLVP"',
89 silly get     'content-type': 'application/json',
89 silly get     'content-encoding': 'gzip',
89 silly get     'cache-control': 'max-age=300',
89 silly get     'content-length': '17124',
89 silly get     'accept-ranges': 'bytes',
89 silly get     date: 'Wed, 27 Jul 2016 07:04:45 GMT',
89 silly get     via: '1.1 varnish',
89 silly get     age: '69',
89 silly get     connection: 'keep-alive',
89 silly get     'x-served-by': 'cache-sin6924-SIN',
89 silly get     'x-cache': 'HIT',
89 silly get     'x-cache-hits': '2',
89 silly get     'x-timer': 'S1469603085.852803,VS0,VE0',
89 silly get     vary: 'Accept-Encoding' } ]
90 verbose get saving nan to C:\Users\likkhian\AppData\Roaming\npm-cache\registry.npmjs.org\nan\.cache.json
91 verbose correctMkdir C:\Users\likkhian\AppData\Roaming\npm-cache correctMkdir not in flight; initializing
92 silly resolveWithNewModule bindings@1.2.1 checking installable status
93 silly cache add args [ 'bindings@1.2.1', null ]
94 verbose cache add spec bindings@1.2.1
95 silly cache add parsed spec { raw: 'bindings@1.2.1',
95 silly cache add   scope: null,
95 silly cache add   escapedName: 'bindings',
95 silly cache add   name: 'bindings',
95 silly cache add   rawSpec: '1.2.1',
95 silly cache add   spec: '1.2.1',
95 silly cache add   type: 'version' }
96 silly addNamed bindings@1.2.1
97 verbose addNamed "1.2.1" is a plain semver version for bindings
98 silly mapToRegistry name bindings
99 silly mapToRegistry using default registry
100 silly mapToRegistry registry https://registry.npmjs.org/
101 silly mapToRegistry data { raw: 'bindings',
101 silly mapToRegistry   scope: null,
101 silly mapToRegistry   escapedName: 'bindings',
101 silly mapToRegistry   name: 'bindings',
101 silly mapToRegistry   rawSpec: '',
101 silly mapToRegistry   spec: 'latest',
101 silly mapToRegistry   type: 'tag' }
102 silly mapToRegistry uri https://registry.npmjs.org/bindings
103 verbose addNameVersion registry:https://registry.npmjs.org/bindings not in flight; fetching
104 verbose get https://registry.npmjs.org/bindings not expired, no request
105 silly resolveWithNewModule nan@2.3.5 checking installable status
106 silly cache add args [ 'nan@2.3.5', null ]
107 verbose cache add spec nan@2.3.5
108 silly cache add parsed spec { raw: 'nan@2.3.5',
108 silly cache add   scope: null,
108 silly cache add   escapedName: 'nan',
108 silly cache add   name: 'nan',
108 silly cache add   rawSpec: '2.3.5',
108 silly cache add   spec: '2.3.5',
108 silly cache add   type: 'version' }
109 silly addNamed nan@2.3.5
110 verbose addNamed "2.3.5" is a plain semver version for nan
111 silly mapToRegistry name nan
112 silly mapToRegistry using default registry
113 silly mapToRegistry registry https://registry.npmjs.org/
114 silly mapToRegistry data { raw: 'nan',
114 silly mapToRegistry   scope: null,
114 silly mapToRegistry   escapedName: 'nan',
114 silly mapToRegistry   name: 'nan',
114 silly mapToRegistry   rawSpec: '',
114 silly mapToRegistry   spec: 'latest',
114 silly mapToRegistry   type: 'tag' }
115 silly mapToRegistry uri https://registry.npmjs.org/nan
116 verbose addNameVersion registry:https://registry.npmjs.org/nan not in flight; fetching
117 silly cache afterAdd bindings@1.2.1
118 verbose afterAdd C:\Users\likkhian\AppData\Roaming\npm-cache\bindings\1.2.1\package\package.json not in flight; writing
119 verbose correctMkdir C:\Users\likkhian\AppData\Roaming\npm-cache correctMkdir not in flight; initializing
120 verbose get https://registry.npmjs.org/nan not expired, no request
121 verbose afterAdd C:\Users\likkhian\AppData\Roaming\npm-cache\bindings\1.2.1\package\package.json written
122 silly cache afterAdd nan@2.3.5
123 verbose afterAdd C:\Users\likkhian\AppData\Roaming\npm-cache\nan\2.3.5\package\package.json not in flight; writing
124 verbose correctMkdir C:\Users\likkhian\AppData\Roaming\npm-cache correctMkdir not in flight; initializing
125 verbose afterAdd C:\Users\likkhian\AppData\Roaming\npm-cache\nan\2.3.5\package\package.json written
126 silly loadAllDepsIntoIdealTree Finishing
127 silly loadIdealTree Finishing
128 silly currentTree surfingsuitcase@
128 silly currentTree +-- bootstrap4-webpack-package@1.0.0
128 silly currentTree `-- meteor-node-stubs@0.2.3
128 silly currentTree   +-- assert@1.3.0
128 silly currentTree   +-- browserify-zlib@0.1.4
128 silly currentTree   | `-- pako@0.2.8
128 silly currentTree   +-- buffer@4.5.1
128 silly currentTree   | +-- base64-js@1.1.2
128 silly currentTree   | +-- ieee754@1.1.6
128 silly currentTree   | `-- isarray@1.0.0
128 silly currentTree   +-- console-browserify@1.1.0
128 silly currentTree   | `-- date-now@0.1.4
128 silly currentTree   +-- constants-browserify@1.0.0
128 silly currentTree   +-- crypto-browserify@3.11.0
128 silly currentTree   | +-- browserify-cipher@1.0.0
128 silly currentTree   | | +-- browserify-aes@1.0.6
128 silly currentTree   | | | +-- buffer-xor@1.0.3
128 silly currentTree   | | | `-- cipher-base@1.0.2
128 silly currentTree   | | +-- browserify-des@1.0.0
128 silly currentTree   | | | +-- cipher-base@1.0.2
128 silly currentTree   | | | `-- des.js@1.0.0
128 silly currentTree   | | |   `-- minimalistic-assert@1.0.0
128 silly currentTree   | | `-- evp_bytestokey@1.0.0
128 silly currentTree   | +-- browserify-sign@4.0.0
128 silly currentTree   | | +-- bn.js@4.11.1
128 silly currentTree   | | +-- browserify-rsa@4.0.1
128 silly currentTree   | | +-- elliptic@6.2.3
128 silly currentTree   | | | +-- brorand@1.0.5
128 silly currentTree   | | | `-- hash.js@1.0.3
128 silly currentTree   | | `-- parse-asn1@5.0.0
128 silly currentTree   | |   +-- asn1.js@4.5.2
128 silly currentTree   | |   | `-- minimalistic-assert@1.0.0
128 silly currentTree   | |   +-- browserify-aes@1.0.6
128 silly currentTree   | |   | +-- buffer-xor@1.0.3
128 silly currentTree   | |   | `-- cipher-base@1.0.2
128 silly currentTree   | |   `-- evp_bytestokey@1.0.0
128 silly currentTree   | +-- create-ecdh@4.0.0
128 silly currentTree   | | +-- bn.js@4.11.1
128 silly currentTree   | | `-- elliptic@6.2.3
128 silly currentTree   | |   +-- brorand@1.0.5
128 silly currentTree   | |   `-- hash.js@1.0.3
128 silly currentTree   | +-- create-hash@1.1.2
128 silly currentTree   | | +-- cipher-base@1.0.2
128 silly currentTree   | | +-- ripemd160@1.0.1
128 silly currentTree   | | `-- sha.js@2.4.5
128 silly currentTree   | +-- create-hmac@1.1.4
128 silly currentTree   | +-- diffie-hellman@5.0.2
128 silly currentTree   | | +-- bn.js@4.11.1
128 silly currentTree   | | `-- miller-rabin@4.0.0
128 silly currentTree   | |   `-- brorand@1.0.5
128 silly currentTree   | +-- inherits@2.0.1
128 silly currentTree   | +-- pbkdf2@3.0.4
128 silly currentTree   | +-- public-encrypt@4.0.0
128 silly currentTree   | | +-- bn.js@4.11.1
128 silly currentTree   | | +-- browserify-rsa@4.0.1
128 silly currentTree   | | `-- parse-asn1@5.0.0
128 silly currentTree   | |   +-- asn1.js@4.5.2
128 silly currentTree   | |   | `-- minimalistic-assert@1.0.0
128 silly currentTree   | |   +-- browserify-aes@1.0.6
128 silly currentTree   | |   | +-- buffer-xor@1.0.3
128 silly currentTree   | |   | `-- cipher-base@1.0.2
128 silly currentTree   | |   `-- evp_bytestokey@1.0.0
128 silly currentTree   | `-- randombytes@2.0.3
128 silly currentTree   +-- domain-browser@1.1.7
128 silly currentTree   +-- events@1.1.0
128 silly currentTree   +-- http-browserify@1.7.0
128 silly currentTree   | +-- Base64@0.2.1
128 silly currentTree   | `-- inherits@2.0.1
128 silly currentTree   +-- https-browserify@0.0.1
128 silly currentTree   +-- os-browserify@0.2.1
128 silly currentTree   +-- path-browserify@0.0.0
128 silly currentTree   +-- process@0.11.2
128 silly currentTree   +-- punycode@1.4.1
128 silly currentTree   +-- querystring-es3@0.2.1
128 silly currentTree   +-- readable-stream@2.0.6
128 silly currentTree   | +-- core-util-is@1.0.2
128 silly currentTree   | +-- inherits@2.0.1
128 silly currentTree   | +-- isarray@1.0.0
128 silly currentTree   | +-- process-nextick-args@1.0.6
128 silly currentTree   | `-- util-deprecate@1.0.2
128 silly currentTree   +-- stream-browserify@2.0.1
128 silly currentTree   | `-- inherits@2.0.1
128 silly currentTree   +-- string_decoder@0.10.31
128 silly currentTree   +-- timers-browserify@1.4.2
128 silly currentTree   +-- tty-browserify@0.0.0
128 silly currentTree   +-- url@0.11.0
128 silly currentTree   | +-- punycode@1.3.2
128 silly currentTree   | `-- querystring@0.2.0
128 silly currentTree   +-- util@0.10.3
128 silly currentTree   | `-- inherits@2.0.1
128 silly currentTree   `-- vm-browserify@0.0.4
128 silly currentTree     `-- indexof@0.0.1
129 silly idealTree surfingsuitcase@
129 silly idealTree +-- bcrypt@0.8.7
129 silly idealTree +-- bindings@1.2.1
129 silly idealTree +-- bootstrap4-webpack-package@1.0.0
129 silly idealTree +-- meteor-node-stubs@0.2.3
129 silly idealTree | +-- assert@1.3.0
129 silly idealTree | +-- browserify-zlib@0.1.4
129 silly idealTree | | `-- pako@0.2.8
129 silly idealTree | +-- buffer@4.5.1
129 silly idealTree | | +-- base64-js@1.1.2
129 silly idealTree | | +-- ieee754@1.1.6
129 silly idealTree | | `-- isarray@1.0.0
129 silly idealTree | +-- console-browserify@1.1.0
129 silly idealTree | | `-- date-now@0.1.4
129 silly idealTree | +-- constants-browserify@1.0.0
129 silly idealTree | +-- crypto-browserify@3.11.0
129 silly idealTree | | +-- browserify-cipher@1.0.0
129 silly idealTree | | | +-- browserify-aes@1.0.6
129 silly idealTree | | | | +-- buffer-xor@1.0.3
129 silly idealTree | | | | `-- cipher-base@1.0.2
129 silly idealTree | | | +-- browserify-des@1.0.0
129 silly idealTree | | | | +-- cipher-base@1.0.2
129 silly idealTree | | | | `-- des.js@1.0.0
129 silly idealTree | | | |   `-- minimalistic-assert@1.0.0
129 silly idealTree | | | `-- evp_bytestokey@1.0.0
129 silly idealTree | | +-- browserify-sign@4.0.0
129 silly idealTree | | | +-- bn.js@4.11.1
129 silly idealTree | | | +-- browserify-rsa@4.0.1
129 silly idealTree | | | +-- elliptic@6.2.3
129 silly idealTree | | | | +-- brorand@1.0.5
129 silly idealTree | | | | `-- hash.js@1.0.3
129 silly idealTree | | | `-- parse-asn1@5.0.0
129 silly idealTree | | |   +-- asn1.js@4.5.2
129 silly idealTree | | |   | `-- minimalistic-assert@1.0.0
129 silly idealTree | | |   +-- browserify-aes@1.0.6
129 silly idealTree | | |   | +-- buffer-xor@1.0.3
129 silly idealTree | | |   | `-- cipher-base@1.0.2
129 silly idealTree | | |   `-- evp_bytestokey@1.0.0
129 silly idealTree | | +-- create-ecdh@4.0.0
129 silly idealTree | | | +-- bn.js@4.11.1
129 silly idealTree | | | `-- elliptic@6.2.3
129 silly idealTree | | |   +-- brorand@1.0.5
129 silly idealTree | | |   `-- hash.js@1.0.3
129 silly idealTree | | +-- create-hash@1.1.2
129 silly idealTree | | | +-- cipher-base@1.0.2
129 silly idealTree | | | +-- ripemd160@1.0.1
129 silly idealTree | | | `-- sha.js@2.4.5
129 silly idealTree | | +-- create-hmac@1.1.4
129 silly idealTree | | +-- diffie-hellman@5.0.2
129 silly idealTree | | | +-- bn.js@4.11.1
129 silly idealTree | | | `-- miller-rabin@4.0.0
129 silly idealTree | | |   `-- brorand@1.0.5
129 silly idealTree | | +-- inherits@2.0.1
129 silly idealTree | | +-- pbkdf2@3.0.4
129 silly idealTree | | +-- public-encrypt@4.0.0
129 silly idealTree | | | +-- bn.js@4.11.1
129 silly idealTree | | | +-- browserify-rsa@4.0.1
129 silly idealTree | | | `-- parse-asn1@5.0.0
129 silly idealTree | | |   +-- asn1.js@4.5.2
129 silly idealTree | | |   | `-- minimalistic-assert@1.0.0
129 silly idealTree | | |   +-- browserify-aes@1.0.6
129 silly idealTree | | |   | +-- buffer-xor@1.0.3
129 silly idealTree | | |   | `-- cipher-base@1.0.2
129 silly idealTree | | |   `-- evp_bytestokey@1.0.0
129 silly idealTree | | `-- randombytes@2.0.3
129 silly idealTree | +-- domain-browser@1.1.7
129 silly idealTree | +-- events@1.1.0
129 silly idealTree | +-- http-browserify@1.7.0
129 silly idealTree | | +-- Base64@0.2.1
129 silly idealTree | | `-- inherits@2.0.1
129 silly idealTree | +-- https-browserify@0.0.1
129 silly idealTree | +-- os-browserify@0.2.1
129 silly idealTree | +-- path-browserify@0.0.0
129 silly idealTree | +-- process@0.11.2
129 silly idealTree | +-- punycode@1.4.1
129 silly idealTree | +-- querystring-es3@0.2.1
129 silly idealTree | +-- readable-stream@2.0.6
129 silly idealTree | | +-- core-util-is@1.0.2
129 silly idealTree | | +-- inherits@2.0.1
129 silly idealTree | | +-- isarray@1.0.0
129 silly idealTree | | +-- process-nextick-args@1.0.6
129 silly idealTree | | `-- util-deprecate@1.0.2
129 silly idealTree | +-- stream-browserify@2.0.1
129 silly idealTree | | `-- inherits@2.0.1
129 silly idealTree | +-- string_decoder@0.10.31
129 silly idealTree | +-- timers-browserify@1.4.2
129 silly idealTree | +-- tty-browserify@0.0.0
129 silly idealTree | +-- url@0.11.0
129 silly idealTree | | +-- punycode@1.3.2
129 silly idealTree | | `-- querystring@0.2.0
129 silly idealTree | +-- util@0.10.3
129 silly idealTree | | `-- inherits@2.0.1
129 silly idealTree | `-- vm-browserify@0.0.4
129 silly idealTree |   `-- indexof@0.0.1
129 silly idealTree `-- nan@2.3.5
130 silly generateActionsToTake Starting
131 silly install generateActionsToTake
132 silly generateActionsToTake Finishing
133 silly diffTrees action count 3
134 silly diffTrees add bindings@1.2.1
135 silly diffTrees add nan@2.3.5
136 silly diffTrees add bcrypt@0.8.7
137 silly decomposeActions action count 24
138 silly decomposeActions fetch bindings@1.2.1
139 silly decomposeActions extract bindings@1.2.1
140 silly decomposeActions test bindings@1.2.1
141 silly decomposeActions preinstall bindings@1.2.1
142 silly decomposeActions build bindings@1.2.1
143 silly decomposeActions install bindings@1.2.1
144 silly decomposeActions postinstall bindings@1.2.1
145 silly decomposeActions finalize bindings@1.2.1
146 silly decomposeActions fetch nan@2.3.5
147 silly decomposeActions extract nan@2.3.5
148 silly decomposeActions test nan@2.3.5
149 silly decomposeActions preinstall nan@2.3.5
150 silly decomposeActions build nan@2.3.5
151 silly decomposeActions install nan@2.3.5
152 silly decomposeActions postinstall nan@2.3.5
153 silly decomposeActions finalize nan@2.3.5
154 silly decomposeActions fetch bcrypt@0.8.7
155 silly decomposeActions extract bcrypt@0.8.7
156 silly decomposeActions test bcrypt@0.8.7
157 silly decomposeActions preinstall bcrypt@0.8.7
158 silly decomposeActions build bcrypt@0.8.7
159 silly decomposeActions install bcrypt@0.8.7
160 silly decomposeActions postinstall bcrypt@0.8.7
161 silly decomposeActions finalize bcrypt@0.8.7
162 silly executeActions Starting
163 silly install executeActions
164 silly doSerial global-install 0
165 silly doParallel fetch 3
166 verbose correctMkdir C:\Users\likkhian\AppData\Roaming\npm-cache\_locks correctMkdir not in flight; initializing
167 verbose lock using C:\Users\likkhian\AppData\Roaming\npm-cache\_locks\staging-4c1a81083d2f9642.lock for C:\Users\likkhian\Dropbox\suitcaseapp\node_modules\.staging
168 silly doParallel extract 3
169 silly extract bindings@1.2.1
170 silly extract nan@2.3.5
171 silly extract bcrypt@0.8.7
172 verbose unbuild node_modules\.staging\bindings-7cad42e7
173 verbose unbuild node_modules\.staging\nan-32c8fe35
174 verbose unbuild node_modules\.staging\bcrypt-ee456d0e
175 silly gentlyRm C:\Users\likkhian\Dropbox\suitcaseapp\node_modules\.staging\bindings-7cad42e7 is being purged from base C:\Users\likkhian\Dropbox\suitcaseapp
176 verbose gentlyRm don't care about contents; nuking C:\Users\likkhian\Dropbox\suitcaseapp\node_modules\.staging\bindings-7cad42e7
177 silly gentlyRm C:\Users\likkhian\Dropbox\suitcaseapp\node_modules\.staging\nan-32c8fe35 is being purged from base C:\Users\likkhian\Dropbox\suitcaseapp
178 verbose gentlyRm don't care about contents; nuking C:\Users\likkhian\Dropbox\suitcaseapp\node_modules\.staging\nan-32c8fe35
179 verbose tar unpack C:\Users\likkhian\AppData\Roaming\npm-cache\bindings\1.2.1\package.tgz
180 verbose tar unpacking to C:\Users\likkhian\Dropbox\suitcaseapp\node_modules\.staging\bindings-7cad42e7
181 silly gentlyRm C:\Users\likkhian\Dropbox\suitcaseapp\node_modules\.staging\bindings-7cad42e7 is being purged
182 verbose gentlyRm don't care about contents; nuking C:\Users\likkhian\Dropbox\suitcaseapp\node_modules\.staging\bindings-7cad42e7
183 verbose tar unpack C:\Users\likkhian\AppData\Roaming\npm-cache\nan\2.3.5\package.tgz
184 verbose tar unpacking to C:\Users\likkhian\Dropbox\suitcaseapp\node_modules\.staging\nan-32c8fe35
185 silly gentlyRm C:\Users\likkhian\Dropbox\suitcaseapp\node_modules\.staging\nan-32c8fe35 is being purged
186 verbose gentlyRm don't care about contents; nuking C:\Users\likkhian\Dropbox\suitcaseapp\node_modules\.staging\nan-32c8fe35
187 silly gentlyRm C:\Users\likkhian\Dropbox\suitcaseapp\node_modules\.staging\bcrypt-ee456d0e is being purged from base C:\Users\likkhian\Dropbox\suitcaseapp
188 verbose gentlyRm don't care about contents; nuking C:\Users\likkhian\Dropbox\suitcaseapp\node_modules\.staging\bcrypt-ee456d0e
189 silly gunzTarPerm modes [ '777', '666' ]
190 silly gunzTarPerm modes [ '777', '666' ]
191 verbose tar unpack C:\Users\likkhian\AppData\Roaming\npm-cache\bcrypt\0.8.7\package.tgz
192 verbose tar unpacking to C:\Users\likkhian\Dropbox\suitcaseapp\node_modules\.staging\bcrypt-ee456d0e
193 silly gentlyRm C:\Users\likkhian\Dropbox\suitcaseapp\node_modules\.staging\bcrypt-ee456d0e is being purged
194 verbose gentlyRm don't care about contents; nuking C:\Users\likkhian\Dropbox\suitcaseapp\node_modules\.staging\bcrypt-ee456d0e
195 silly gunzTarPerm modes [ '777', '666' ]
196 silly gunzTarPerm extractEntry package.json
197 silly gunzTarPerm modified mode [ 'package.json', 420, 438 ]
198 silly gunzTarPerm extractEntry package.json
199 silly gunzTarPerm modified mode [ 'package.json', 436, 438 ]
200 silly gunzTarPerm extractEntry package.json
201 silly gunzTarPerm modified mode [ 'package.json', 420, 438 ]
202 silly gunzTarPerm extractEntry README.md
203 silly gunzTarPerm modified mode [ 'README.md', 420, 438 ]
204 silly gunzTarPerm extractEntry bindings.js
205 silly gunzTarPerm modified mode [ 'bindings.js', 420, 438 ]
206 silly gunzTarPerm extractEntry README.md
207 silly gunzTarPerm modified mode [ 'README.md', 436, 438 ]
208 silly gunzTarPerm extractEntry include_dirs.js
209 silly gunzTarPerm modified mode [ 'include_dirs.js', 436, 438 ]
210 silly gunzTarPerm extractEntry .npmignore
211 silly gunzTarPerm modified mode [ '.npmignore', 420, 438 ]
212 silly gunzTarPerm extractEntry README.md
213 silly gunzTarPerm modified mode [ 'README.md', 420, 438 ]
214 silly gunzTarPerm extractEntry LICENSE
215 silly gunzTarPerm modified mode [ 'LICENSE', 420, 438 ]
216 silly gunzTarPerm extractEntry bcrypt.js
217 silly gunzTarPerm modified mode [ 'bcrypt.js', 420, 438 ]
218 silly gunzTarPerm extractEntry Makefile
219 silly gunzTarPerm modified mode [ 'Makefile', 420, 438 ]
220 silly gunzTarPerm extractEntry .travis.yml
221 silly gunzTarPerm modified mode [ '.travis.yml', 420, 438 ]
222 silly gunzTarPerm extractEntry CHANGELOG.md
223 silly gunzTarPerm modified mode [ 'CHANGELOG.md', 420, 438 ]
224 silly gunzTarPerm extractEntry binding.gyp
225 silly gunzTarPerm modified mode [ 'binding.gyp', 420, 438 ]
226 silly gunzTarPerm extractEntry examples/async_compare.js
227 silly gunzTarPerm modified mode [ 'examples/async_compare.js', 420, 438 ]
228 silly gunzTarPerm extractEntry examples/forever_gen_salt.js
229 silly gunzTarPerm modified mode [ 'examples/forever_gen_salt.js', 420, 438 ]
230 silly gunzTarPerm extractEntry test/async.js
231 silly gunzTarPerm modified mode [ 'test/async.js', 420, 438 ]
232 silly gunzTarPerm extractEntry test/repetitions.js
233 silly gunzTarPerm modified mode [ 'test/repetitions.js', 420, 438 ]
234 silly gunzTarPerm extractEntry test/sync.js
235 silly gunzTarPerm modified mode [ 'test/sync.js', 420, 438 ]
236 silly gunzTarPerm extractEntry ISSUE_TEMPLATE.md
237 silly gunzTarPerm modified mode [ 'ISSUE_TEMPLATE.md', 420, 438 ]
238 silly gunzTarPerm extractEntry src/bcrypt.cc
239 silly gunzTarPerm modified mode [ 'src/bcrypt.cc', 420, 438 ]
240 silly gunzTarPerm extractEntry src/bcrypt_node.cc
241 silly gunzTarPerm modified mode [ 'src/bcrypt_node.cc', 420, 438 ]
242 silly gunzTarPerm extractEntry src/blowfish.cc
243 silly gunzTarPerm modified mode [ 'src/blowfish.cc', 420, 438 ]
244 silly gunzTarPerm extractEntry src/node_blf.h
245 silly gunzTarPerm modified mode [ 'src/node_blf.h', 420, 438 ]
246 silly gunzTarPerm extractEntry werker.yml
247 silly gunzTarPerm modified mode [ 'werker.yml', 420, 438 ]
248 silly gunzTarPerm extractEntry nan_converters.h
249 silly gunzTarPerm modified mode [ 'nan_converters.h', 436, 438 ]
250 silly gunzTarPerm extractEntry LICENSE.md
251 silly gunzTarPerm modified mode [ 'LICENSE.md', 436, 438 ]
252 silly gunzTarPerm extractEntry doc/node_misc.md
253 silly gunzTarPerm modified mode [ 'doc/node_misc.md', 436, 438 ]
254 silly gunzTarPerm extractEntry doc/asyncworker.md
255 silly gunzTarPerm modified mode [ 'doc/asyncworker.md', 436, 438 ]
256 silly gunzTarPerm extractEntry doc/callback.md
257 silly gunzTarPerm modified mode [ 'doc/callback.md', 436, 438 ]
258 silly gunzTarPerm extractEntry doc/converters.md
259 silly gunzTarPerm modified mode [ 'doc/converters.md', 436, 438 ]
260 silly gunzTarPerm extractEntry doc/errors.md
261 silly gunzTarPerm modified mode [ 'doc/errors.md', 436, 438 ]
262 silly gunzTarPerm extractEntry doc/maybe_types.md
263 silly gunzTarPerm modified mode [ 'doc/maybe_types.md', 436, 438 ]
264 silly gunzTarPerm extractEntry doc/methods.md
265 silly gunzTarPerm modified mode [ 'doc/methods.md', 436, 438 ]
266 silly gunzTarPerm extractEntry doc/new.md
267 silly gunzTarPerm modified mode [ 'doc/new.md', 436, 438 ]
268 silly gunzTarPerm extractEntry doc/buffers.md
269 silly gunzTarPerm modified mode [ 'doc/buffers.md', 436, 438 ]
270 silly gunzTarPerm extractEntry doc/object_wrappers.md
271 silly gunzTarPerm modified mode [ 'doc/object_wrappers.md', 436, 438 ]
272 silly gentlyRm C:\Users\likkhian\Dropbox\suitcaseapp\node_modules\.staging\bindings-7cad42e7\node_modules is being purged
273 verbose gentlyRm don't care about contents; nuking C:\Users\likkhian\Dropbox\suitcaseapp\node_modules\.staging\bindings-7cad42e7\node_modules
274 silly gunzTarPerm extractEntry doc/persistent.md
275 silly gunzTarPerm modified mode [ 'doc/persistent.md', 436, 438 ]
276 silly gunzTarPerm extractEntry doc/scopes.md
277 silly gunzTarPerm modified mode [ 'doc/scopes.md', 436, 438 ]
278 silly gunzTarPerm extractEntry doc/script.md
279 silly gunzTarPerm modified mode [ 'doc/script.md', 436, 438 ]
280 silly gunzTarPerm extractEntry doc/string_bytes.md
281 silly gunzTarPerm modified mode [ 'doc/string_bytes.md', 436, 438 ]
282 silly gunzTarPerm extractEntry doc/v8_internals.md
283 silly gunzTarPerm modified mode [ 'doc/v8_internals.md', 436, 438 ]
284 silly gunzTarPerm extractEntry doc/v8_misc.md
285 silly gunzTarPerm modified mode [ 'doc/v8_misc.md', 436, 438 ]
286 silly gunzTarPerm extractEntry nan.h
287 silly gunzTarPerm modified mode [ 'nan.h', 436, 438 ]
288 silly gunzTarPerm extractEntry nan_callbacks.h
289 silly gunzTarPerm modified mode [ 'nan_callbacks.h', 436, 438 ]
290 silly gunzTarPerm extractEntry nan_callbacks_12_inl.h
291 silly gunzTarPerm modified mode [ 'nan_callbacks_12_inl.h', 436, 438 ]
292 silly gunzTarPerm extractEntry nan_callbacks_pre_12_inl.h
293 silly gunzTarPerm modified mode [ 'nan_callbacks_pre_12_inl.h', 436, 438 ]
294 silly gunzTarPerm extractEntry nan_converters_43_inl.h
295 silly gunzTarPerm modified mode [ 'nan_converters_43_inl.h', 436, 438 ]
296 silly gunzTarPerm extractEntry nan_converters_pre_43_inl.h
297 silly gunzTarPerm modified mode [ 'nan_converters_pre_43_inl.h', 436, 438 ]
298 silly gunzTarPerm extractEntry nan_implementation_12_inl.h
299 silly gunzTarPerm modified mode [ 'nan_implementation_12_inl.h', 436, 438 ]
300 silly gunzTarPerm extractEntry nan_implementation_pre_12_inl.h
301 silly gunzTarPerm modified mode [ 'nan_implementation_pre_12_inl.h', 436, 438 ]
302 silly gunzTarPerm extractEntry nan_maybe_43_inl.h
303 silly gunzTarPerm modified mode [ 'nan_maybe_43_inl.h', 436, 438 ]
304 silly gunzTarPerm extractEntry nan_maybe_pre_43_inl.h
305 silly gunzTarPerm modified mode [ 'nan_maybe_pre_43_inl.h', 436, 438 ]
306 silly gunzTarPerm extractEntry nan_new.h
307 silly gunzTarPerm modified mode [ 'nan_new.h', 436, 438 ]
308 silly gunzTarPerm extractEntry nan_object_wrap.h
309 silly gunzTarPerm modified mode [ 'nan_object_wrap.h', 436, 438 ]
310 silly gunzTarPerm extractEntry nan_persistent_12_inl.h
311 silly gunzTarPerm modified mode [ 'nan_persistent_12_inl.h', 436, 438 ]
312 silly gunzTarPerm extractEntry nan_persistent_pre_12_inl.h
313 silly gunzTarPerm modified mode [ 'nan_persistent_pre_12_inl.h', 436, 438 ]
314 silly gunzTarPerm extractEntry nan_string_bytes.h
315 silly gunzTarPerm modified mode [ 'nan_string_bytes.h', 436, 438 ]
316 silly gunzTarPerm extractEntry nan_typedarray_contents.h
317 silly gunzTarPerm modified mode [ 'nan_typedarray_contents.h', 436, 438 ]
318 silly gunzTarPerm extractEntry nan_weak.h
319 silly gunzTarPerm modified mode [ 'nan_weak.h', 436, 438 ]
320 silly gunzTarPerm extractEntry CHANGELOG.md
321 silly gunzTarPerm modified mode [ 'CHANGELOG.md', 436, 438 ]
322 silly gunzTarPerm extractEntry tools/package.json
323 silly gunzTarPerm modified mode [ 'tools/package.json', 436, 438 ]
324 silly gunzTarPerm extractEntry tools/README.md
325 silly gunzTarPerm modified mode [ 'tools/README.md', 436, 438 ]
326 silly gunzTarPerm extractEntry tools/1to2.js
327 silly gunzTarPerm modified mode [ 'tools/1to2.js', 509, 511 ]
328 silly gentlyRm C:\Users\likkhian\Dropbox\suitcaseapp\node_modules\.staging\bcrypt-ee456d0e\node_modules is being purged
329 verbose gentlyRm don't care about contents; nuking C:\Users\likkhian\Dropbox\suitcaseapp\node_modules\.staging\bcrypt-ee456d0e\node_modules
330 silly gentlyRm C:\Users\likkhian\Dropbox\suitcaseapp\node_modules\.staging\nan-32c8fe35\node_modules is being purged
331 verbose gentlyRm don't care about contents; nuking C:\Users\likkhian\Dropbox\suitcaseapp\node_modules\.staging\nan-32c8fe35\node_modules
332 silly doParallel preinstall 3
333 silly preinstall bindings@1.2.1 C:\Users\likkhian\Dropbox\suitcaseapp\node_modules\.staging\bindings-7cad42e7
334 info lifecycle bindings@1.2.1~preinstall: bindings@1.2.1
335 silly preinstall nan@2.3.5 C:\Users\likkhian\Dropbox\suitcaseapp\node_modules\.staging\nan-32c8fe35
336 info lifecycle nan@2.3.5~preinstall: nan@2.3.5
337 silly preinstall bcrypt@0.8.7 C:\Users\likkhian\Dropbox\suitcaseapp\node_modules\.staging\bcrypt-ee456d0e
338 info lifecycle bcrypt@0.8.7~preinstall: bcrypt@0.8.7
339 silly lifecycle bindings@1.2.1~preinstall: no script for preinstall, continuing
340 silly lifecycle nan@2.3.5~preinstall: no script for preinstall, continuing
341 silly lifecycle bcrypt@0.8.7~preinstall: no script for preinstall, continuing
342 silly doReverseSerial remove 0
343 silly doSerial move 0
344 silly doSerial finalize 3
345 silly finalize C:\Users\likkhian\Dropbox\suitcaseapp\node_modules\bindings
346 silly finalize C:\Users\likkhian\Dropbox\suitcaseapp\node_modules\nan
347 silly finalize C:\Users\likkhian\Dropbox\suitcaseapp\node_modules\bcrypt
348 silly doSerial build 3
349 silly build bindings@1.2.1
350 info linkStuff bindings@1.2.1
351 silly linkStuff bindings@1.2.1 has C:\Users\likkhian\Dropbox\suitcaseapp\node_modules as its parent node_modules
352 verbose linkBins bindings@1.2.1
353 verbose linkMans bindings@1.2.1
354 silly build nan@2.3.5
355 info linkStuff nan@2.3.5
356 silly linkStuff nan@2.3.5 has C:\Users\likkhian\Dropbox\suitcaseapp\node_modules as its parent node_modules
357 verbose linkBins nan@2.3.5
358 verbose linkMans nan@2.3.5
359 silly build bcrypt@0.8.7
360 info linkStuff bcrypt@0.8.7
361 silly linkStuff bcrypt@0.8.7 has C:\Users\likkhian\Dropbox\suitcaseapp\node_modules as its parent node_modules
362 verbose linkBins bcrypt@0.8.7
363 verbose linkMans bcrypt@0.8.7
364 silly doSerial global-link 0
365 silly doParallel update-linked 0
366 silly doSerial install 3
367 silly install bindings@1.2.1 C:\Users\likkhian\Dropbox\suitcaseapp\node_modules\.staging\bindings-7cad42e7
368 info lifecycle bindings@1.2.1~install: bindings@1.2.1
369 silly lifecycle bindings@1.2.1~install: no script for install, continuing
370 silly install nan@2.3.5 C:\Users\likkhian\Dropbox\suitcaseapp\node_modules\.staging\nan-32c8fe35
371 info lifecycle nan@2.3.5~install: nan@2.3.5
372 silly lifecycle nan@2.3.5~install: no script for install, continuing
373 silly install bcrypt@0.8.7 C:\Users\likkhian\Dropbox\suitcaseapp\node_modules\.staging\bcrypt-ee456d0e
374 info lifecycle bcrypt@0.8.7~install: bcrypt@0.8.7
375 verbose lifecycle bcrypt@0.8.7~install: unsafe-perm in lifecycle true
376 verbose lifecycle bcrypt@0.8.7~install: PATH: C:\Users\likkhian\AppData\Local\.meteor\packages\meteor-tool\1.3.4_4\mt-os.windows.x86_32\dev_bundle\lib\node_modules\npm\bin\node-gyp-bin;C:\Users\likkhian\Dropbox\suitcaseapp\node_modules\bcrypt\node_modules\.bin;C:\Users\likkhian\Dropbox\suitcaseapp\node_modules\.bin;C:\Users\likkhian\AppData\Local\.meteor\packages\meteor-tool\1.3.4_4\mt-os.windows.x86_32\dev_bundle\bin;C:\Users\likkhian\AppData\Local\.meteor\packages\meteor-tool\1.3.4_4\mt-os.windows.x86_32\dev_bundle\bin;C:\Users\likkhian\AppData\Local\.meteor\packages\meteor-tool\1.3.4_4\mt-os.windows.x86_32\dev_bundle\lib\node_modules\.bin;C:\ProgramData\Oracle\Java\javapath;C:\Program Files (x86)\NVIDIA Corporation\PhysX\Common;C:\Program Files (x86)\Intel\iCLS Client\;C:\Program Files\Intel\iCLS Client\;C:\WINDOWS\system32;C:\WINDOWS;C:\WINDOWS\System32\Wbem;C:\WINDOWS\System32\WindowsPowerShell\v1.0\;C:\Program Files (x86)\EgisTec MyWinLocker\x64;C:\Program Files (x86)\EgisTec MyWinLocker\;C:\Program Files (x86)\Intel\OpenCL SDK\2.0\bin\x86;C:\Program Files (x86)\Intel\OpenCL SDK\2.0\bin\x64;C:\Program Files\Intel\Intel(R) Management Engine Components\DAL;C:\Program Files\Intel\Intel(R) Management Engine Components\IPT;C:\Program Files (x86)\Intel\Intel(R) Management Engine Components\DAL;C:\Program Files (x86)\Intel\Intel(R) Management Engine Components\IPT;C:\Program Files\Condusiv Technologies\ExpressCache\;C:\Program Files\MATLAB\R2012b\runtime\win64;C:\Program Files\MATLAB\R2012b\bin;C:\Program Files\Calibre2\;C:\Program Files (x86)\Windows Live\Shared;C:\Users\likkhian\Downloads\cygwin\bin;C:\Users\likkhian\Downloads\cygwin\usr\bin;C:\Cygw­in\usr\local\bin;C:\Users\likkhian\Downloads\cygwin\lib;C:\Users\likkhian\Downloads\cygwin\usr\lib;C:\Program Files (x86)\Heroku\bin;C:\Program Files (x86)\git\cmd;C:\Program Files (x86)\Skype\Phone\;C:\Program Files\Microsoft\Web Platform Installer\;C:\WINDOWS\system32\config\systemprofile\.dnx\bin;C:\Program Files\Microsoft DNX\Dnvm\;C:\Program Files\Microsoft SQL Server\130\Tools\Binn\;C:\Users\likkhian\Anaconda3;C:\Users\likkhian\Anaconda3\Scripts;C:\Users\likkhian\Anaconda3\Library\bin;C:\Program Files\Java\jdk1.8.0_25\bin;C:\Users\likkhian\AppData\Local\.meteor\;C:\Program Files (x86)\Sophos\Sophos SSL VPN Client\bin
377 verbose lifecycle bcrypt@0.8.7~install: CWD: C:\Users\likkhian\Dropbox\suitcaseapp\node_modules\bcrypt
378 silly lifecycle bcrypt@0.8.7~install: Args: [ '/d /s /c', 'node-gyp rebuild' ]
379 silly lifecycle bcrypt@0.8.7~install: Returned: code: 1  signal: null
380 info lifecycle bcrypt@0.8.7~install: Failed to exec install script
381 verbose unlock done using C:\Users\likkhian\AppData\Roaming\npm-cache\_locks\staging-4c1a81083d2f9642.lock for C:\Users\likkhian\Dropbox\suitcaseapp\node_modules\.staging
382 silly rollbackFailedOptional Starting
383 silly rollbackFailedOptional Finishing
384 silly runTopLevelLifecycles Starting
385 silly runTopLevelLifecycles Finishing
386 silly install printInstalled
387 verbose stack Error: bcrypt@0.8.7 install: `node-gyp rebuild`
387 verbose stack Exit status 1
387 verbose stack     at EventEmitter.<anonymous> (C:\Users\likkhian\AppData\Local\.meteor\packages\meteor-tool\1.3.4_4\mt-os.windows.x86_32\dev_bundle\lib\node_modules\npm\lib\utils\lifecycle.js:242:16)
387 verbose stack     at EventEmitter.emit (events.js:98:17)
387 verbose stack     at ChildProcess.<anonymous> (C:\Users\likkhian\AppData\Local\.meteor\packages\meteor-tool\1.3.4_4\mt-os.windows.x86_32\dev_bundle\lib\node_modules\npm\lib\utils\spawn.js:40:14)
387 verbose stack     at ChildProcess.emit (events.js:98:17)
387 verbose stack     at maybeClose (child_process.js:766:16)
387 verbose stack     at Process.ChildProcess._handle.onexit (child_process.js:833:5)
388 verbose pkgid bcrypt@0.8.7
389 verbose cwd C:\Users\likkhian\Dropbox\suitcaseapp
390 error Windows_NT 6.3.9600
391 error argv "C:\\Users\\likkhian\\AppData\\Local\\.meteor\\packages\\meteor-tool\\1.3.4_4\\mt-os.windows.x86_32\\dev_bundle\\bin\\\\node.exe" "C:\\Users\\likkhian\\AppData\\Local\\.meteor\\packages\\meteor-tool\\1.3.4_4\\mt-os.windows.x86_32\\dev_bundle\\lib\\node_modules\\npm\\bin\\npm-cli.js" "install" "bcrypt"
392 error node v0.10.46
393 error npm  v3.10.5
394 error code ELIFECYCLE
395 error bcrypt@0.8.7 install: `node-gyp rebuild`
395 error Exit status 1
396 error Failed at the bcrypt@0.8.7 install script 'node-gyp rebuild'.
396 error Make sure you have the latest version of node.js and npm installed.
396 error If you do, this is most likely a problem with the bcrypt package,
396 error not with npm itself.
396 error Tell the author that this fails on your system:
396 error     node-gyp rebuild
396 error You can get information on how to open an issue for this project with:
396 error     npm bugs bcrypt
396 error Or if that isn't available, you can get their info via:
396 error     npm owner ls bcrypt
396 error There is likely additional logging output above.
397 verbose exit [ 1, true ]
